<?xml version="1.0" encoding="UTF-8"?>
<!-- Generated by org.testng.reporters.JUnitReportReporter -->
<testsuite hostname="LAPTOP-PG1EFDUR" failures="0" tests="2" name="testngpkg.TestngDemo" time="0.010" errors="0" timestamp="2024-08-09T10:50:37 IST" skipped="0">
  <testcase classname="testngpkg.TestngDemo" name="test1" time="0.007"/>
  <system-out/>
  <testcase classname="testngpkg.TestngDemo" name="test2" time="0.003"/>
  <system-out/>
</testsuite> <!-- testngpkg.TestngDemo -->
