<?xml version="1.0" encoding="UTF-8"?>
<!-- Generated by org.testng.reporters.JUnitReportReporter -->
<testsuite hostname="LAPTOP-PG1EFDUR" failures="0" tests="3" name="testngpkg.Crossbrowsertesting" time="11.595" errors="0" timestamp="2024-08-13T10:46:06 IST" skipped="0">
  <testcase classname="testngpkg.Crossbrowsertesting" name="test" time="8.517"/>
  <system-out/>
  <testcase classname="testngpkg.Crossbrowsertesting" name="test" time="0.466"/>
  <system-out/>
  <testcase classname="testngpkg.Crossbrowsertesting" name="test" time="2.612"/>
  <system-out/>
</testsuite> <!-- testngpkg.Crossbrowsertesting -->
