<?xml version="1.0" encoding="UTF-8"?>
<!-- Generated by org.testng.reporters.JUnitReportReporter -->
<testsuite hostname="LAPTOP-PG1EFDUR" failures="0" tests="1" name="testngpkg.Copypaste" time="0.485" errors="0" timestamp="2024-08-13T09:48:40 IST" skipped="0">
  <testcase classname="testngpkg.Copypaste" name="test" time="0.485"/>
  <system-out/>
</testsuite> <!-- testngpkg.Copypaste -->
