<?xml version="1.0" encoding="UTF-8"?>
<!-- Generated by org.testng.reporters.JUnitReportReporter -->
<testsuite hostname="LAPTOP-PG1EFDUR" failures="0" tests="1" name="testpkg.Fblogintest" time="0.171" errors="0" timestamp="2024-08-23T10:10:56 IST" skipped="0">
  <testcase classname="testpkg.Fblogintest" name="test1" time="0.171"/>
  <system-out/>
</testsuite> <!-- testpkg.Fblogintest -->
