<?xml version="1.0" encoding="UTF-8"?>
<!-- Generated by org.testng.reporters.JUnitReportReporter -->
<testsuite hostname="LAPTOP-PG1EFDUR" failures="0" tests="1" name="testngpkg.Windowhandler" time="13.193" errors="0" timestamp="2024-08-23T12:43:44 IST" skipped="0">
  <testcase classname="testngpkg.Windowhandler" name="test" time="13.193"/>
  <system-out/>
</testsuite> <!-- testngpkg.Windowhandler -->
