<?xml version="1.0" encoding="UTF-8"?>
<!-- Generated by org.testng.reporters.JUnitReportReporter -->
<testsuite hostname="LAPTOP-PG1EFDUR" failures="0" tests="1" name="testngpkg.RobotclassFileupload" time="6.081" errors="0" timestamp="2024-08-14T14:22:35 IST" skipped="0">
  <testcase classname="testngpkg.RobotclassFileupload" name="fileuploadpgm" time="6.081"/>
  <system-out/>
</testsuite> <!-- testngpkg.RobotclassFileupload -->
