<?xml version="1.0" encoding="UTF-8"?>
<!-- Generated by org.testng.reporters.JUnitReportReporter -->
<testsuite hostname="LAPTOP-PG1EFDUR" failures="0" tests="1" name="testngpkg.Doubleclickandright" time="0.385" errors="0" timestamp="2024-08-13T14:51:23 IST" skipped="0">
  <testcase classname="testngpkg.Doubleclickandright" name="test" time="0.385"/>
  <system-out/>
</testsuite> <!-- testngpkg.Doubleclickandright -->
