<?xml version="1.0" encoding="UTF-8"?>
<!-- Generated by org.testng.reporters.JUnitReportReporter -->
<testsuite hostname="LAPTOP-PG1EFDUR" failures="0" tests="1" name="testngpkg.Parameterisation" time="0.133" errors="0" timestamp="2024-08-13T10:20:54 IST" skipped="0">
  <testcase classname="testngpkg.Parameterisation" name="test" time="0.133"/>
  <system-out/>
</testsuite> <!-- testngpkg.Parameterisation -->
