<?xml version="1.0" encoding="UTF-8"?>
<!-- Generated by org.testng.reporters.JUnitReportReporter -->
<testsuite hostname="LAPTOP-PG1EFDUR" failures="0" tests="1" name="testngpkg.Buttontext" time="5.926" errors="0" timestamp="2024-08-20T11:43:03 IST" skipped="0">
  <testcase classname="testngpkg.Buttontext" name="test" time="5.926"/>
  <system-out/>
</testsuite> <!-- testngpkg.Buttontext -->
